<?xml version="1.0" encoding="UTF-8"?>
<!-- Generated by org.testng.reporters.JUnitXMLReporter -->
<testsuite ignored="0" hostname="Win1064" failures="0" tests="3" name="Surefire test" time="28.747" errors="0" timestamp="2025-03-04T21:40:35 IST">
  <testcase classname="com.test.auth.AuthenticationTest" name="verifyWelcomeText" time="0.659"/>
  <testcase classname="com.test.auth.AuthenticationTest" name="verifyVersionNumber" time="0.296"/>
  <testcase classname="com.test.auth.AuthenticationTest" name="loginAndLogoutTest" time="6.71"/>
</testsuite> <!-- Surefire test -->
