<?xml version="1.0" encoding="UTF-8"?>
<!-- Generated by org.testng.reporters.JUnitXMLReporter -->
<testsuite ignored="0" hostname="Win1064" failures="0" tests="3" name="Default test" time="16.8" errors="0" timestamp="2025-03-04T21:22:48 IST">
  <testcase classname="com.test.auth.AuthenticationTest" name="verifyWelcomeText" time="1.281"/>
  <testcase classname="com.test.auth.AuthenticationTest" name="verifyVersionNumber" time="0.873"/>
  <testcase classname="com.test.auth.AuthenticationTest" name="loginAndLogoutTest" time="4.368"/>
</testsuite> <!-- Default test -->
