<?xml version="1.0" encoding="UTF-8"?>
<testng-results ignored="0" total="3" passed="3" failed="0" skipped="0">
  <reporter-output>
  </reporter-output>
  <suite started-at="2025-03-04T21:45:46 IST" name="MyPCTesting Suite" finished-at="2025-03-04T21:46:07 IST" duration-ms="21257">
    <groups>
    </groups>
    <test started-at="2025-03-04T21:45:46 IST" name="Authentication Tests" finished-at="2025-03-04T21:46:07 IST" duration-ms="21257">
      <class name="com.test.auth.AuthenticationTest">
        <test-method is-config="true" signature="setup()[pri:0, instance:com.test.auth.AuthenticationTest@5e0826e7]" started-at="2025-03-04T21:45:46 IST" name="setup" finished-at="2025-03-04T21:45:57 IST" duration-ms="10637" status="PASS">
          <reporter-output>
          </reporter-output>
        </test-method> <!-- setup -->
        <test-method signature="verifyWelcomeText()[pri:1, instance:com.test.auth.AuthenticationTest@5e0826e7]" started-at="2025-03-04T21:45:57 IST" name="verifyWelcomeText" finished-at="2025-03-04T21:45:58 IST" duration-ms="1879" status="PASS">
          <reporter-output>
          </reporter-output>
        </test-method> <!-- verifyWelcomeText -->
        <test-method signature="verifyVersionNumber()[pri:2, instance:com.test.auth.AuthenticationTest@5e0826e7]" started-at="2025-03-04T21:45:59 IST" name="verifyVersionNumber" finished-at="2025-03-04T21:45:59 IST" duration-ms="452" status="PASS">
          <reporter-output>
          </reporter-output>
        </test-method> <!-- verifyVersionNumber -->
        <test-method signature="loginAndLogoutTest()[pri:3, instance:com.test.auth.AuthenticationTest@5e0826e7]" started-at="2025-03-04T21:45:59 IST" name="loginAndLogoutTest" finished-at="2025-03-04T21:46:05 IST" duration-ms="5560" status="PASS">
          <reporter-output>
          </reporter-output>
        </test-method> <!-- loginAndLogoutTest -->
        <test-method is-config="true" signature="tearDown()[pri:0, instance:com.test.auth.AuthenticationTest@5e0826e7]" started-at="2025-03-04T21:46:05 IST" name="tearDown" finished-at="2025-03-04T21:46:07 IST" duration-ms="2615" status="PASS">
          <reporter-output>
          </reporter-output>
        </test-method> <!-- tearDown -->
      </class> <!-- com.test.auth.AuthenticationTest -->
    </test> <!-- Authentication Tests -->
  </suite> <!-- MyPCTesting Suite -->
</testng-results>
