<?xml version="1.0" encoding="UTF-8"?>
<!-- Generated by org.testng.reporters.JUnitXMLReporter -->
<testsuite ignored="0" hostname="Win1064" failures="0" tests="3" name="Authentication Tests" time="21.257" errors="0" timestamp="2025-03-04T21:46:07 IST">
  <testcase classname="com.test.auth.AuthenticationTest" name="verifyWelcomeText" time="1.879"/>
  <testcase classname="com.test.auth.AuthenticationTest" name="verifyVersionNumber" time="0.452"/>
  <testcase classname="com.test.auth.AuthenticationTest" name="loginAndLogoutTest" time="5.56"/>
</testsuite> <!-- Authentication Tests -->
