<?xml version="1.0" encoding="UTF-8"?>
<testng-results ignored="0" total="3" passed="3" failed="0" skipped="0">
  <reporter-output>
  </reporter-output>
  <suite started-at="2025-03-04T21:22:31 IST" name="Default suite" finished-at="2025-03-04T21:22:48 IST" duration-ms="16800">
    <groups>
    </groups>
    <test started-at="2025-03-04T21:22:31 IST" name="Default test" finished-at="2025-03-04T21:22:48 IST" duration-ms="16800">
      <class name="com.test.auth.AuthenticationTest">
        <test-method is-config="true" signature="setup()[pri:0, instance:com.test.auth.AuthenticationTest@62379589]" started-at="2025-03-04T21:22:31 IST" name="setup" finished-at="2025-03-04T21:22:41 IST" duration-ms="9459" status="PASS">
          <reporter-output>
          </reporter-output>
        </test-method> <!-- setup -->
        <test-method signature="verifyWelcomeText()[pri:1, instance:com.test.auth.AuthenticationTest@62379589]" started-at="2025-03-04T21:22:41 IST" name="verifyWelcomeText" finished-at="2025-03-04T21:22:42 IST" duration-ms="1281" status="PASS">
          <reporter-output>
          </reporter-output>
        </test-method> <!-- verifyWelcomeText -->
        <test-method signature="verifyVersionNumber()[pri:2, instance:com.test.auth.AuthenticationTest@62379589]" started-at="2025-03-04T21:22:42 IST" name="verifyVersionNumber" finished-at="2025-03-04T21:22:43 IST" duration-ms="873" status="PASS">
          <reporter-output>
          </reporter-output>
        </test-method> <!-- verifyVersionNumber -->
        <test-method signature="loginAndLogoutTest()[pri:3, instance:com.test.auth.AuthenticationTest@62379589]" started-at="2025-03-04T21:22:43 IST" name="loginAndLogoutTest" finished-at="2025-03-04T21:22:47 IST" duration-ms="4368" status="PASS">
          <reporter-output>
          </reporter-output>
        </test-method> <!-- loginAndLogoutTest -->
        <test-method is-config="true" signature="tearDown()[pri:0, instance:com.test.auth.AuthenticationTest@62379589]" started-at="2025-03-04T21:22:47 IST" name="tearDown" finished-at="2025-03-04T21:22:48 IST" duration-ms="645" status="PASS">
          <reporter-output>
          </reporter-output>
        </test-method> <!-- tearDown -->
      </class> <!-- com.test.auth.AuthenticationTest -->
    </test> <!-- Default test -->
  </suite> <!-- Default suite -->
</testng-results>
